<?xml version="1.0" encoding="UTF-8"?>
<!-- Generated by org.testng.reporters.JUnitReportReporter -->
<testsuite hostname="MyComputer" name="src.com.test.VerifyElementIsSearchedWithMatchCase" tests="1" failures="0" timestamp="7 May 2020 21:58:14 GMT" time="13.852" errors="0">
  <testcase name="searchElementTest" time="13.852" classname="src.com.test.VerifyElementIsSearchedWithMatchCase"/>
</testsuite> <!-- src.com.test.VerifyElementIsSearchedWithMatchCase -->
